<?xml version="1.0" encoding="UTF-8"?>
<!-- Generated by org.testng.reporters.JUnitReportReporter -->
<testsuite hostname="DESKTOP-KD8HJQ6" failures="0" tests="3" name="BasicAllUtils.FileWritingReading" time="0.481" errors="0" timestamp="2022-03-13T03:58:49 IST" skipped="0">
  <testcase classname="BasicAllUtils.FileWritingReading" name="ReadWrite" time="0.474"/>
  <system-out/>
  <testcase classname="BasicAllUtils.FileWritingReading" name="ReadFile" time="0.004"/>
  <system-out/>
  <testcase classname="BasicAllUtils.FileWritingReading" name="BufferReadFile" time="0.003"/>
  <system-out/>
</testsuite> <!-- BasicAllUtils.FileWritingReading -->
