<?xml version="1.0" encoding="UTF-8"?>
<!-- Generated by org.testng.reporters.JUnitReportReporter -->
<testsuite hostname="DESKTOP-KD8HJQ6" failures="0" tests="3" name="BasicAllUtils.FileWritingReading" time="0.488" errors="0" timestamp="2022-03-13T03:48:55 IST" skipped="0">
  <testcase classname="BasicAllUtils.FileWritingReading" name="ReadFile" time="0.001"/>
  <system-out/>
  <testcase classname="BasicAllUtils.FileWritingReading" name="ReadWrite" time="0.486"/>
  <system-out/>
  <testcase classname="BasicAllUtils.FileWritingReading" name="BufferReadFile" time="0.001"/>
  <system-out/>
</testsuite> <!-- BasicAllUtils.FileWritingReading -->
