<?xml version="1.0" encoding="UTF-8"?>
<!-- Generated by org.testng.reporters.JUnitReportReporter -->
<testsuite hostname="DESKTOP-KD8HJQ6" failures="0" tests="1" name="BasicAllUtils.ScreeshotDemo" time="4.987" errors="0" timestamp="2022-03-13T03:48:56 IST" skipped="0">
  <testcase classname="BasicAllUtils.ScreeshotDemo" name="TakeScreenShot" time="4.987"/>
  <system-out/>
</testsuite> <!-- BasicAllUtils.ScreeshotDemo -->
